<?xml version="1.0" encoding="UTF-8"?>
<Site BuildName="Linux-g++"
	BuildStamp="20240131-0845-Experimental"
	Name="DESKTOP-FC6MR2V"
	Generator="ctest-3.22.1"
	CompilerName="/usr/bin/g++"
	CompilerVersion="11.4.0"
	OSName="Linux"
	Hostname="DESKTOP-FC6MR2V"
	OSRelease="5.15.133.1-microsoft-standard-WSL2"
	OSVersion="#1 SMP Thu Oct 5 21:02:42 UTC 2023"
	OSPlatform="x86_64"
	Is64Bits="1"
	VendorString="AuthenticAMD"
	VendorID="Advanced Micro Devices"
	FamilyID="25"
	ModelID="80"
	ProcessorCacheSize="512"
	NumberOfLogicalCPU="12"
	NumberOfPhysicalCPU="6"
	TotalVirtualMemory="2048"
	TotalPhysicalMemory="7879"
	LogicalProcessorsPerPhysical="2"
	ProcessorClockFrequency="3593.12"
	>
	<Testing>
		<StartDateTime>Jan 31 01:17 PST</StartDateTime>
		<StartTestTime>1706692660</StartTestTime>
		<TestList/>
		<EndDateTime>Jan 31 01:17 PST</EndDateTime>
		<EndTestTime>1706692660</EndTestTime>
		<ElapsedMinutes>0</ElapsedMinutes>
	</Testing>
</Site>
